
timing -sethld -v 10 -u 10 -endpoints 10 -nperend 1 -sp High-Performance_1.2V -hsp m   -pwrprd -html -rpt "lab03_impl_1.twr" "lab03_impl_1.udb" 
timing -sethld -v 10 -u 10 -endpoints 10 -nperend 1 -sp High-Performance_1.2V -hsp m -pwrprd -html -rpt lab03_impl_1.twr lab03_impl_1.udb -gui -msgset C:/Users/zoeworrall/Desktop/projects_LRS/lab03/promote.xml
Starting design reading...
Loading device for application GENERIC from file 'itpa08.nph' in environment: C:/lscc/radiant/2024.1/ispfpga.
Package Status:                     Preliminary    Version 1.5.
Performance Hardware Data Status:   Advanced       Version 1.0.
Loading udb::Database ...
Design:  top
Family:  iCE40UP
Device:  iCE40UP5K
Package: SG48
Performance Grade:   High-Performance_1.2V



Successfully loading udb, 0.14 seconds

Initializing timer
Starting design annotation....
High-Performance_1.2V

Starting full timing analysis...
Performance Hardware Data Status:   Advanced       Version 1.0.
Connections ignored  38  counted  489  covered  410
Changing speed to m;   changing temperature to -40

STA Runtime and Peak Memory Usage :
Total CPU Time: 2 secs 
Total REAL Time: 2 secs 
Peak Memory Usage: 127 MB

 2.310250s wall, 2.140625s user + 0.140625s system = 2.281250s CPU (98.7%)

